# JRE version: OpenJDK Runtime Environment Microsoft-40648 (11.0.16.1+1) (build 11.0.16.1+1-LTS)
# Java VM: OpenJDK 64-Bit Server VM Microsoft-40648 (11.0.16.1+1-LTS, mixed mode, tiered, compressed oops, g1 gc, windows-amd64)
Heap:
 garbage-first heap   total 258048K, used 68733K [0x0000000704200000, 0x0000000800000000)
  region size 1024K, 50 young (51200K), 12 survivors (12288K)
 Metaspace       used 36949K, capacity 38867K, committed 39040K, reserved 1083392K
  class space    used 4054K, capacity 4692K, committed 4736K, reserved 1048576K
GC Heap History (10 events):
Event: 0.804 GC heap before
{Heap before GC invocations=0 (full 0):
 garbage-first heap   total 258048K, used 23552K [0x0000000704200000, 0x0000000800000000)
  region size 1024K, 24 young (24576K), 0 survivors (0K)
 Metaspace       used 14046K, capacity 14407K, committed 14592K, reserved 1062912K
  class space    used 1324K, capacity 1429K, committed 1536K, reserved 1048576K
}
Event: 0.810 GC heap after
{Heap after GC invocations=1 (full 0):
 garbage-first heap   total 258048K, used 5350K [0x0000000704200000, 0x0000000800000000)
  region size 1024K, 3 young (3072K), 3 survivors (3072K)
 Metaspace       used 14046K, capacity 14407K, committed 14592K, reserved 1062912K
  class space    used 1324K, capacity 1429K, committed 1536K, reserved 1048576K
}
Event: 1.496 GC heap before
{Heap before GC invocations=1 (full 0):
 garbage-first heap   total 258048K, used 54502K [0x0000000704200000, 0x0000000800000000)
  region size 1024K, 50 young (51200K), 3 survivors (3072K)
 Metaspace       used 20532K, capacity 21185K, committed 21248K, reserved 1069056K
  class space    used 2039K, capacity 2289K, committed 2304K, reserved 1048576K
}
Event: 1.503 GC heap after
{Heap after GC invocations=2 (full 0):
 garbage-first heap   total 258048K, used 14332K [0x0000000704200000, 0x0000000800000000)
  region size 1024K, 10 young (10240K), 10 survivors (10240K)
 Metaspace       used 20532K, capacity 21185K, committed 21248K, reserved 1069056K
  class space    used 2039K, capacity 2289K, committed 2304K, reserved 1048576K
}
Event: 1.612 GC heap before
{Heap before GC invocations=3 (full 0):
 garbage-first heap   total 258048K, used 24572K [0x0000000704200000, 0x0000000800000000)
  region size 1024K, 20 young (20480K), 10 survivors (10240K)
 Metaspace       used 21987K, capacity 22701K, committed 23040K, reserved 1069056K
  class space    used 2186K, capacity 2456K, committed 2560K, reserved 1048576K
}
Event: 1.617 GC heap after
{Heap after GC invocations=4 (full 0):
 garbage-first heap   total 258048K, used 14945K [0x0000000704200000, 0x0000000800000000)
  region size 1024K, 1 young (1024K), 1 survivors (1024K)
 Metaspace       used 21987K, capacity 22701K, committed 23040K, reserved 1069056K
  class space    used 2186K, capacity 2456K, committed 2560K, reserved 1048576K
}
Event: 2.239 GC heap before
{Heap before GC invocations=4 (full 0):
 garbage-first heap   total 258048K, used 73313K [0x0000000704200000, 0x0000000800000000)
  region size 1024K, 59 young (60416K), 1 survivors (1024K)
 Metaspace       used 30775K, capacity 31619K, committed 31872K, reserved 1077248K
  class space    used 3264K, capacity 3589K, committed 3712K, reserved 1048576K
}
Event: 2.242 GC heap after
{Heap after GC invocations=5 (full 0):
 garbage-first heap   total 258048K, used 16985K [0x0000000704200000, 0x0000000800000000)
  region size 1024K, 3 young (3072K), 3 survivors (3072K)
 Metaspace       used 30775K, capacity 31619K, committed 31872K, reserved 1077248K
  class space    used 3264K, capacity 3589K, committed 3712K, reserved 1048576K
}
Event: 3.194 GC heap before
{Heap before GC invocations=5 (full 0):
 garbage-first heap   total 258048K, used 109145K [0x0000000704200000, 0x0000000800000000)
  region size 1024K, 88 young (90112K), 3 survivors (3072K)
 Metaspace       used 34449K, capacity 35756K, committed 35840K, reserved 1081344K
  class space    used 3706K, capacity 4159K, committed 4224K, reserved 1048576K
}
Event: 3.208 GC heap after
{Heap after GC invocations=6 (full 0):
 garbage-first heap   total 258048K, used 31869K [0x0000000704200000, 0x0000000800000000)
  region size 1024K, 12 young (12288K), 12 survivors (12288K)
 Metaspace       used 34449K, capacity 35756K, committed 35840K, reserved 1081344K
  class space    used 3706K, capacity 4159K, committed 4224K, reserved 1048576K
}

