# JRE version: OpenJDK Runtime Environment Microsoft-40648 (11.0.16.1+1) (build 11.0.16.1+1-LTS)
# Java VM: OpenJDK 64-Bit Server VM Microsoft-40648 (11.0.16.1+1-LTS, mixed mode, tiered, compressed oops, g1 gc, windows-amd64)
Heap:
 garbage-first heap   total 310272K, used 31639K [0x0000000704200000, 0x0000000800000000)
  region size 1024K, 16 young (16384K), 16 survivors (16384K)
 Metaspace       used 34466K, capacity 35760K, committed 35840K, reserved 1081344K
  class space    used 3712K, capacity 4162K, committed 4224K, reserved 1048576K
GC Heap History (9 events):
Event: 0.652 GC heap before
{Heap before GC invocations=0 (full 0):
 garbage-first heap   total 258048K, used 23552K [0x0000000704200000, 0x0000000800000000)
  region size 1024K, 24 young (24576K), 0 survivors (0K)
 Metaspace       used 13153K, capacity 13510K, committed 13696K, reserved 1060864K
  class space    used 1230K, capacity 1340K, committed 1408K, reserved 1048576K
}
Event: 0.655 GC heap after
{Heap after GC invocations=1 (full 0):
 garbage-first heap   total 258048K, used 5115K [0x0000000704200000, 0x0000000800000000)
  region size 1024K, 3 young (3072K), 3 survivors (3072K)
 Metaspace       used 13153K, capacity 13510K, committed 13696K, reserved 1060864K
  class space    used 1230K, capacity 1340K, committed 1408K, reserved 1048576K
}
Event: 1.250 GC heap before
{Heap before GC invocations=1 (full 0):
 garbage-first heap   total 258048K, used 54267K [0x0000000704200000, 0x0000000800000000)
  region size 1024K, 50 young (51200K), 3 survivors (3072K)
 Metaspace       used 20561K, capacity 21185K, committed 21248K, reserved 1069056K
  class space    used 2039K, capacity 2289K, committed 2304K, reserved 1048576K
}
Event: 1.256 GC heap after
{Heap after GC invocations=2 (full 0):
 garbage-first heap   total 258048K, used 14686K [0x0000000704200000, 0x0000000800000000)
  region size 1024K, 11 young (11264K), 11 survivors (11264K)
 Metaspace       used 20561K, capacity 21185K, committed 21248K, reserved 1069056K
  class space    used 2039K, capacity 2289K, committed 2304K, reserved 1048576K
}
Event: 1.402 GC heap before
{Heap before GC invocations=3 (full 0):
 garbage-first heap   total 258048K, used 36190K [0x0000000704200000, 0x0000000800000000)
  region size 1024K, 32 young (32768K), 11 survivors (11264K)
 Metaspace       used 23500K, capacity 24153K, committed 24448K, reserved 1071104K
  class space    used 2364K, capacity 2620K, committed 2688K, reserved 1048576K
}
Event: 1.407 GC heap after
{Heap after GC invocations=4 (full 0):
 garbage-first heap   total 258048K, used 15252K [0x0000000704200000, 0x0000000800000000)
  region size 1024K, 2 young (2048K), 2 survivors (2048K)
 Metaspace       used 23500K, capacity 24153K, committed 24448K, reserved 1071104K
  class space    used 2364K, capacity 2620K, committed 2688K, reserved 1048576K
}
Event: 1.944 GC heap before
{Heap before GC invocations=4 (full 0):
 garbage-first heap   total 258048K, used 86932K [0x0000000704200000, 0x0000000800000000)
  region size 1024K, 69 young (70656K), 2 survivors (2048K)
 Metaspace       used 31520K, capacity 32492K, committed 32640K, reserved 1079296K
  class space    used 3320K, capacity 3659K, committed 3712K, reserved 1048576K
}
Event: 1.949 GC heap after
{Heap after GC invocations=5 (full 0):
 garbage-first heap   total 258048K, used 20724K [0x0000000704200000, 0x0000000800000000)
  region size 1024K, 5 young (5120K), 5 survivors (5120K)
 Metaspace       used 31520K, capacity 32492K, committed 32640K, reserved 1079296K
  class space    used 3320K, capacity 3659K, committed 3712K, reserved 1048576K
}
Event: 2.358 GC heap before
{Heap before GC invocations=5 (full 0):
 garbage-first heap   total 258048K, used 95476K [0x0000000704200000, 0x0000000800000000)
  region size 1024K, 76 young (77824K), 5 survivors (5120K)
 Metaspace       used 34466K, capacity 35760K, committed 35840K, reserved 1081344K
  class space    used 3712K, capacity 4162K, committed 4224K, reserved 1048576K
}

